<?xml version="1.0" encoding="UTF-8"?>
<testsuite name="tamagotchitest" tests="7" skipped="0" failures="0" errors="0" timestamp="2021-12-21T19:25:51" hostname="UNKNOWN" time="0.082">
  <properties/>
  <testcase name="CuandoElHumorEstaPorEncimaDe8EstaContento()" classname="tamagotchitest" time="0.065"/>
  <testcase name="cuandoELlHumorEstaPorDebajoDe2SeEnfada()" classname="tamagotchitest" time="0.001"/>
  <testcase name="cuandoMandyJuegaSeCansa()" classname="tamagotchitest" time="0.001"/>
  <testcase name="cuandoComeEnergiaDisminuyeUnPunto()" classname="tamagotchitest" time="0.001"/>
  <testcase name="RestoDeCasosEsNormal()" classname="tamagotchitest" time="0.001"/>
  <testcase name="cuandoComeHambreDisminuyeDosPuntos()" classname="tamagotchitest" time="0.001"/>
  <testcase name="CuandoLaEnergiaLlegaACeroSeDuerme()" classname="tamagotchitest" time="0.001"/>
  <system-out><![CDATA[]]></system-out>
  <system-err><![CDATA[]]></system-err>
</testsuite>
